<?xml version="1.0" encoding="UTF-8"?>
<!-- Generated by org.testng.reporters.JUnitXMLReporter -->
<testsuite hostname="LAPTOP-V6HT4II3" failures="0" tests="3" name="Default test" time="111.544" errors="0" timestamp="28 Jan 2024 08:35:07 GMT">
  <testcase classname="first.class6extent" name="addtocartproduct" time="30.163"/>
  <testcase classname="first.class6extent" name="wishlist" time="34.313"/>
  <testcase classname="first.class6extent" name="Emailtofriend" time="30.937"/>
</testsuite> <!-- Default test -->
