<?xml version="1.0" encoding="UTF-8"?>
<testng-results total="3" passed="3" failed="0" skipped="0">
  <reporter-output>
  </reporter-output>
  <suite started-at="2024-01-28T08:33:16Z" name="Default suite" finished-at="2024-01-28T08:35:07Z" duration-ms="111544">
    <groups>
      <group name="Regression">
        <method signature="class6extent.wishlist()[pri:2, instance:first.class6extent@17d88132]" name="wishlist" class="first.class6extent"/>
      </group> <!-- Regression -->
      <group name="sanity">
        <method signature="class6extent.Emailtofriend()[pri:3, instance:first.class6extent@17d88132]" name="Emailtofriend" class="first.class6extent"/>
      </group> <!-- sanity -->
      <group name="Smoke">
        <method signature="class6extent.addtocartproduct()[pri:1, instance:first.class6extent@17d88132]" name="addtocartproduct" class="first.class6extent"/>
      </group> <!-- Smoke -->
    </groups>
    <test started-at="2024-01-28T08:33:16Z" name="Default test" finished-at="2024-01-28T08:35:07Z" duration-ms="111544">
      <class name="first.class6extent">
        <test-method is-config="true" signature="configReport()[pri:0, instance:first.class6extent@17d88132]" started-at="2024-01-28T14:03:16Z" name="configReport" finished-at="2024-01-28T14:03:16Z" duration-ms="229" status="PASS">
          <reporter-output>
          </reporter-output>
        </test-method> <!-- configReport -->
        <test-method is-config="true" signature="setup()[pri:0, instance:first.class6extent@17d88132]" started-at="2024-01-28T14:03:16Z" name="setup" finished-at="2024-01-28T14:03:21Z" duration-ms="5002" status="PASS">
          <reporter-output>
          </reporter-output>
        </test-method> <!-- setup -->
        <test-method signature="addtocartproduct()[pri:1, instance:first.class6extent@17d88132]" started-at="2024-01-28T14:03:21Z" name="addtocartproduct" finished-at="2024-01-28T14:03:51Z" duration-ms="30163" status="PASS">
          <reporter-output>
          </reporter-output>
        </test-method> <!-- addtocartproduct -->
        <test-method is-config="true" signature="teardown()[pri:0, instance:first.class6extent@17d88132]" started-at="2024-01-28T14:03:51Z" name="teardown" finished-at="2024-01-28T14:03:52Z" duration-ms="648" status="PASS">
          <reporter-output>
          </reporter-output>
        </test-method> <!-- teardown -->
        <test-method is-config="true" signature="setup()[pri:0, instance:first.class6extent@17d88132]" started-at="2024-01-28T14:03:52Z" name="setup" finished-at="2024-01-28T14:03:56Z" duration-ms="4187" status="PASS">
          <reporter-output>
          </reporter-output>
        </test-method> <!-- setup -->
        <test-method signature="wishlist()[pri:2, instance:first.class6extent@17d88132]" started-at="2024-01-28T14:03:56Z" name="wishlist" finished-at="2024-01-28T14:04:30Z" duration-ms="34313" status="PASS">
          <reporter-output>
          </reporter-output>
        </test-method> <!-- wishlist -->
        <test-method is-config="true" signature="teardown()[pri:0, instance:first.class6extent@17d88132]" started-at="2024-01-28T14:04:30Z" name="teardown" finished-at="2024-01-28T14:04:31Z" duration-ms="502" status="PASS">
          <reporter-output>
          </reporter-output>
        </test-method> <!-- teardown -->
        <test-method is-config="true" signature="setup()[pri:0, instance:first.class6extent@17d88132]" started-at="2024-01-28T14:04:31Z" name="setup" finished-at="2024-01-28T14:04:35Z" duration-ms="4340" status="PASS">
          <reporter-output>
          </reporter-output>
        </test-method> <!-- setup -->
        <test-method signature="Emailtofriend()[pri:3, instance:first.class6extent@17d88132]" started-at="2024-01-28T14:04:35Z" name="Emailtofriend" finished-at="2024-01-28T14:05:06Z" duration-ms="30937" status="PASS">
          <reporter-output>
          </reporter-output>
        </test-method> <!-- Emailtofriend -->
        <test-method is-config="true" signature="teardown()[pri:0, instance:first.class6extent@17d88132]" started-at="2024-01-28T14:05:06Z" name="teardown" finished-at="2024-01-28T14:05:06Z" duration-ms="547" status="PASS">
          <reporter-output>
          </reporter-output>
        </test-method> <!-- teardown -->
        <test-method is-config="true" signature="last()[pri:0, instance:first.class6extent@17d88132]" started-at="2024-01-28T14:05:06Z" name="last" finished-at="2024-01-28T14:05:07Z" duration-ms="656" status="PASS">
          <reporter-output>
          </reporter-output>
        </test-method> <!-- last -->
      </class> <!-- first.class6extent -->
    </test> <!-- Default test -->
  </suite> <!-- Default suite -->
</testng-results>
